<?xml version="1.0" encoding="UTF-8"?>
<robot generator="Robot 4.0 (Python 3.9.2 on darwin)" generated="20210312 07:13:16.308" rpa="false" schemaversion="2">
<suite id="s1" name="Testing" source="/Users/naveenautomationlabs/Documents/RobotFwPractice/tests/testing.robot">
<kw name="Open Browser" type="SETUP">
<arg>${URL}</arg>
<arg>${BROWSER}</arg>
<msg timestamp="20210312 07:13:16.330" level="FAIL">No keyword with name 'Open Browser' found.</msg>
<status status="FAIL" starttime="20210312 07:13:16.330" endtime="20210312 07:13:16.330"/>
</kw>
<test id="s1-t1" name="Google Search">
<status status="FAIL" starttime="20210312 07:13:16.330" endtime="20210312 07:13:16.330">Parent suite setup failed:
No keyword with name 'Open Browser' found.</status>
</test>
<kw name="Close All Browsers" type="TEARDOWN">
<msg timestamp="20210312 07:13:16.332" level="FAIL">No keyword with name 'Close All Browsers' found.</msg>
<status status="FAIL" starttime="20210312 07:13:16.332" endtime="20210312 07:13:16.332">No keyword with name 'Close All Browsers' found.</status>
</kw>
<status status="FAIL" starttime="20210312 07:13:16.309" endtime="20210312 07:13:16.332">Suite setup failed:
No keyword with name 'Open Browser' found.

Also suite teardown failed:
No keyword with name 'Close All Browsers' found.</status>
</suite>
<statistics>
<total>
<stat pass="0" fail="1" skip="0">All Tests</stat>
</total>
<tag>
</tag>
<suite>
<stat pass="0" fail="1" skip="0" id="s1" name="Testing">Testing</stat>
</suite>
</statistics>
<errors>
<msg timestamp="20210312 07:13:16.328" level="ERROR">Error in file '/Users/naveenautomationlabs/Documents/RobotFwPractice/tests/testing.robot' on line 3: Importing library 'SeleniumLibrary' failed: ModuleNotFoundError: No module named 'SeleniumLibrary'
Traceback (most recent call last):
  None
PYTHONPATH:
  /Library/Frameworks/Python.framework/Versions/3.9/bin
  /Library/Frameworks/Python.framework/Versions/3.9/lib/python39.zip
  /Library/Frameworks/Python.framework/Versions/3.9/lib/python3.9
  /Library/Frameworks/Python.framework/Versions/3.9/lib/python3.9/lib-dynload
  /Users/naveenautomationlabs/Library/Python/3.9/lib/python/site-packages
  /Library/Frameworks/Python.framework/Versions/3.9/lib/python3.9/site-packages</msg>
</errors>
</robot>
